<?xml version="1.0" encoding="UTF-8"?>
<testng-results ignored="0" total="4" passed="3" failed="1" skipped="0">
  <reporter-output>
  </reporter-output>
  <suite started-at="2024-09-16T13:39:08 IST" name="Default suite" finished-at="2024-09-16T13:39:10 IST" duration-ms="1460">
    <groups>
    </groups>
    <test started-at="2024-09-16T13:39:08 IST" name="Default test" finished-at="2024-09-16T13:39:10 IST" duration-ms="1460">
      <class name="com.ipt.learn.simpleAnnotation">
        <test-method is-config="true" signature="propertysetting()[pri:0, instance:com.ipt.learn.simpleAnnotation@4d1c005e]" started-at="2024-09-16T13:39:08 IST" name="propertysetting" finished-at="2024-09-16T13:39:08 IST" duration-ms="18" status="PASS">
          <reporter-output>
          </reporter-output>
        </test-method> <!-- propertysetting -->
        <test-method is-config="true" signature="browserlauch()[pri:0, instance:com.ipt.learn.simpleAnnotation@4d1c005e]" started-at="2024-09-16T13:39:08 IST" name="browserlauch" finished-at="2024-09-16T13:39:08 IST" duration-ms="1" status="PASS">
          <reporter-output>
          </reporter-output>
        </test-method> <!-- browserlauch -->
        <test-method is-config="true" signature="urllauch()[pri:0, instance:com.ipt.learn.simpleAnnotation@4d1c005e]" started-at="2024-09-16T13:39:08 IST" name="urllauch" finished-at="2024-09-16T13:39:08 IST" duration-ms="0" status="PASS">
          <reporter-output>
          </reporter-output>
        </test-method> <!-- urllauch -->
        <test-method is-config="true" signature="login()[pri:0, instance:com.ipt.learn.simpleAnnotation@4d1c005e]" started-at="2024-09-16T13:39:08 IST" name="login" finished-at="2024-09-16T13:39:08 IST" duration-ms="1" status="PASS">
          <reporter-output>
          </reporter-output>
        </test-method> <!-- login -->
        <test-method signature="browserlanuch()[pri:0, instance:com.ipt.learn.simpleAnnotation@4d1c005e]" started-at="2024-09-16T13:39:08 IST" name="browserlanuch" finished-at="2024-09-16T13:39:10 IST" duration-ms="1316" status="FAIL">
          <exception class="org.openqa.selenium.remote.NoSuchDriverException">
            <message>
              <![CDATA[Unable to obtain: Capabilities {browserName: chrome, goog:chromeOptions: {args: [--remote-allow-origins=*], extensions: []}}, error Command failed with code: 65, executed: [--browser, chrome, --output, json]
error sending request for url (https://googlechromelabs.github.io/chrome-for-testing/known-good-versions-with-downloads.json): error trying to connect: dns error: No such host is known. (os error 11001)
Build info: version: '4.13.0', revision: 'ba948ece5b*'
System info: os.name: 'Windows 10', os.arch: 'amd64', os.version: '10.0', java.version: '17.0.6'
Driver info: driver.version: ChromeDriver]]>
            </message>
            <full-stacktrace>
              <![CDATA[org.openqa.selenium.remote.NoSuchDriverException: Unable to obtain: Capabilities {browserName: chrome, goog:chromeOptions: {args: [--remote-allow-origins=*], extensions: []}}, error Command failed with code: 65, executed: [--browser, chrome, --output, json]
error sending request for url (https://googlechromelabs.github.io/chrome-for-testing/known-good-versions-with-downloads.json): error trying to connect: dns error: No such host is known. (os error 11001)
Build info: version: '4.13.0', revision: 'ba948ece5b*'
System info: os.name: 'Windows 10', os.arch: 'amd64', os.version: '10.0', java.version: '17.0.6'
Driver info: driver.version: ChromeDriver
at org.openqa.selenium.remote.service.DriverFinder.getPath(DriverFinder.java:25)
at org.openqa.selenium.remote.service.DriverFinder.getPath(DriverFinder.java:13)
at org.openqa.selenium.chrome.ChromeDriver.generateExecutor(ChromeDriver.java:99)
at org.openqa.selenium.chrome.ChromeDriver.<init>(ChromeDriver.java:88)
at org.openqa.selenium.chrome.ChromeDriver.<init>(ChromeDriver.java:83)
at org.openqa.selenium.chrome.ChromeDriver.<init>(ChromeDriver.java:51)
at com.ipt.learn.Baseclass.browserlanuch(Baseclass.java:12)
at com.ipt.learn.simpleAnnotation.browserlanuch(simpleAnnotation.java:19)
at java.base/jdk.internal.reflect.NativeMethodAccessorImpl.invoke0(Native Method)
at java.base/jdk.internal.reflect.NativeMethodAccessorImpl.invoke(NativeMethodAccessorImpl.java:77)
at java.base/jdk.internal.reflect.DelegatingMethodAccessorImpl.invoke(DelegatingMethodAccessorImpl.java:43)
at java.base/java.lang.reflect.Method.invoke(Method.java:568)
at org.testng.internal.invokers.MethodInvocationHelper.invokeMethod(MethodInvocationHelper.java:139)
at org.testng.internal.invokers.TestInvoker.invokeMethod(TestInvoker.java:664)
at org.testng.internal.invokers.TestInvoker.invokeTestMethod(TestInvoker.java:228)
at org.testng.internal.invokers.MethodRunner.runInSequence(MethodRunner.java:63)
at org.testng.internal.invokers.TestInvoker$MethodInvocationAgent.invoke(TestInvoker.java:961)
at org.testng.internal.invokers.TestInvoker.invokeTestMethods(TestInvoker.java:201)
at org.testng.internal.invokers.TestMethodWorker.invokeTestMethods(TestMethodWorker.java:148)
at org.testng.internal.invokers.TestMethodWorker.run(TestMethodWorker.java:128)
at java.base/java.util.ArrayList.forEach(ArrayList.java:1511)
at org.testng.TestRunner.privateRun(TestRunner.java:819)
at org.testng.TestRunner.run(TestRunner.java:619)
at org.testng.SuiteRunner.runTest(SuiteRunner.java:443)
at org.testng.SuiteRunner.runSequentially(SuiteRunner.java:437)
at org.testng.SuiteRunner.privateRun(SuiteRunner.java:397)
at org.testng.SuiteRunner.run(SuiteRunner.java:336)
at org.testng.SuiteRunnerWorker.runSuite(SuiteRunnerWorker.java:52)
at org.testng.SuiteRunnerWorker.run(SuiteRunnerWorker.java:95)
at org.testng.TestNG.runSuitesSequentially(TestNG.java:1301)
at org.testng.TestNG.runSuitesLocally(TestNG.java:1228)
at org.testng.TestNG.runSuites(TestNG.java:1134)
at org.testng.TestNG.run(TestNG.java:1101)
at org.testng.remote.AbstractRemoteTestNG.run(AbstractRemoteTestNG.java:115)
at org.testng.remote.RemoteTestNG.initAndRun(RemoteTestNG.java:251)
at org.testng.remote.RemoteTestNG.main(RemoteTestNG.java:77)
Caused by: org.openqa.selenium.WebDriverException: Command failed with code: 65, executed: [--browser, chrome, --output, json]
error sending request for url (https://googlechromelabs.github.io/chrome-for-testing/known-good-versions-with-downloads.json): error trying to connect: dns error: No such host is known. (os error 11001)
Build info: version: '4.13.0', revision: 'ba948ece5b*'
System info: os.name: 'Windows 10', os.arch: 'amd64', os.version: '10.0', java.version: '17.0.6'
Driver info: driver.version: ChromeDriver
at org.openqa.selenium.manager.SeleniumManager.runCommand(SeleniumManager.java:145)
at org.openqa.selenium.manager.SeleniumManager.getDriverPath(SeleniumManager.java:302)
at org.openqa.selenium.remote.service.DriverFinder.getPath(DriverFinder.java:22)
... 35 more
]]>
            </full-stacktrace>
          </exception> <!-- org.openqa.selenium.remote.NoSuchDriverException -->
          <reporter-output>
          </reporter-output>
        </test-method> <!-- browserlanuch -->
        <test-method is-config="true" signature="logout()[pri:0, instance:com.ipt.learn.simpleAnnotation@4d1c005e]" started-at="2024-09-16T13:39:10 IST" name="logout" finished-at="2024-09-16T13:39:10 IST" duration-ms="2" status="PASS">
          <reporter-output>
          </reporter-output>
        </test-method> <!-- logout -->
        <test-method is-config="true" signature="login()[pri:0, instance:com.ipt.learn.simpleAnnotation@4d1c005e]" started-at="2024-09-16T13:39:10 IST" name="login" finished-at="2024-09-16T13:39:10 IST" duration-ms="2" status="PASS">
          <reporter-output>
          </reporter-output>
        </test-method> <!-- login -->
        <test-method signature="child()[pri:0, instance:com.ipt.learn.simpleAnnotation@4d1c005e]" started-at="2024-09-16T13:39:10 IST" name="child" finished-at="2024-09-16T13:39:10 IST" duration-ms="4" status="PASS">
          <reporter-output>
          </reporter-output>
        </test-method> <!-- child -->
        <test-method is-config="true" signature="logout()[pri:0, instance:com.ipt.learn.simpleAnnotation@4d1c005e]" started-at="2024-09-16T13:39:10 IST" name="logout" finished-at="2024-09-16T13:39:10 IST" duration-ms="0" status="PASS">
          <reporter-output>
          </reporter-output>
        </test-method> <!-- logout -->
        <test-method is-config="true" signature="login()[pri:0, instance:com.ipt.learn.simpleAnnotation@4d1c005e]" started-at="2024-09-16T13:39:10 IST" name="login" finished-at="2024-09-16T13:39:10 IST" duration-ms="0" status="PASS">
          <reporter-output>
          </reporter-output>
        </test-method> <!-- login -->
        <test-method signature="men()[pri:0, instance:com.ipt.learn.simpleAnnotation@4d1c005e]" started-at="2024-09-16T13:39:10 IST" name="men" finished-at="2024-09-16T13:39:10 IST" duration-ms="4" status="PASS">
          <reporter-output>
          </reporter-output>
        </test-method> <!-- men -->
        <test-method is-config="true" signature="logout()[pri:0, instance:com.ipt.learn.simpleAnnotation@4d1c005e]" started-at="2024-09-16T13:39:10 IST" name="logout" finished-at="2024-09-16T13:39:10 IST" duration-ms="1" status="PASS">
          <reporter-output>
          </reporter-output>
        </test-method> <!-- logout -->
        <test-method is-config="true" signature="login()[pri:0, instance:com.ipt.learn.simpleAnnotation@4d1c005e]" started-at="2024-09-16T13:39:10 IST" name="login" finished-at="2024-09-16T13:39:10 IST" duration-ms="2" status="PASS">
          <reporter-output>
          </reporter-output>
        </test-method> <!-- login -->
        <test-method signature="women()[pri:0, instance:com.ipt.learn.simpleAnnotation@4d1c005e]" started-at="2024-09-16T13:39:10 IST" name="women" finished-at="2024-09-16T13:39:10 IST" duration-ms="8" status="PASS">
          <reporter-output>
          </reporter-output>
        </test-method> <!-- women -->
        <test-method is-config="true" signature="logout()[pri:0, instance:com.ipt.learn.simpleAnnotation@4d1c005e]" started-at="2024-09-16T13:39:10 IST" name="logout" finished-at="2024-09-16T13:39:10 IST" duration-ms="5" status="PASS">
          <reporter-output>
          </reporter-output>
        </test-method> <!-- logout -->
        <test-method is-config="true" signature="screenshot()[pri:0, instance:com.ipt.learn.simpleAnnotation@4d1c005e]" started-at="2024-09-16T13:39:10 IST" name="screenshot" finished-at="2024-09-16T13:39:10 IST" duration-ms="1" status="PASS">
          <reporter-output>
          </reporter-output>
        </test-method> <!-- screenshot -->
        <test-method is-config="true" signature="close()[pri:0, instance:com.ipt.learn.simpleAnnotation@4d1c005e]" started-at="2024-09-16T13:39:10 IST" name="close" finished-at="2024-09-16T13:39:10 IST" duration-ms="1" status="PASS">
          <reporter-output>
          </reporter-output>
        </test-method> <!-- close -->
      </class> <!-- com.ipt.learn.simpleAnnotation -->
    </test> <!-- Default test -->
  </suite> <!-- Default suite -->
</testng-results>
